This file contains any messages produced by compilers while
running configure, to aid debugging if configure makes a mistake.

It was created by SQL-DATABASE configure 0.1, which was
generated by GNU Autoconf 2.69.  Invocation command line was

  $ ./configure 

## --------- ##
## Platform. ##
## --------- ##

hostname = ubuntu
uname -m = i686
uname -r = 3.8.0-19-generic
uname -s = Linux
uname -v = #30-Ubuntu SMP Wed May 1 16:36:13 UTC 2013

/usr/bin/uname -p = unknown
/bin/uname -X     = unknown

/bin/arch              = unknown
/usr/bin/arch -k       = unknown
/usr/convex/getsysinfo = unknown
/usr/bin/hostinfo      = unknown
/bin/machine           = unknown
/usr/bin/oslevel       = unknown
/bin/universe          = unknown

PATH: /home/notroot/bin
PATH: /usr/local/sbin
PATH: /usr/local/bin
PATH: /usr/sbin
PATH: /usr/bin
PATH: /sbin
PATH: /bin
PATH: /usr/games
PATH: /usr/local/games


## ----------- ##
## Core tests. ##
## ----------- ##

configure:2298: checking build system type
configure:2312: result: i686-pc-linux-gnu
configure:2332: checking host system type
configure:2345: result: i686-pc-linux-gnu
configure:2386: checking how to print strings
configure:2413: result: printf
configure:2482: checking for gcc
configure:2498: found /usr/bin/gcc
configure:2509: result: gcc
configure:2738: checking for C compiler version
configure:2747: gcc --version >&5
gcc (Ubuntu/Linaro 4.7.3-1ubuntu1) 4.7.3
Copyright (C) 2012 Free Software Foundation, Inc.
This is free software; see the source for copying conditions.  There is NO
warranty; not even for MERCHANTABILITY or FITNESS FOR A PARTICULAR PURPOSE.

configure:2758: $? = 0
configure:2747: gcc -v >&5
Using built-in specs.
COLLECT_GCC=gcc
COLLECT_LTO_WRAPPER=/usr/lib/gcc/i686-linux-gnu/4.7/lto-wrapper
Target: i686-linux-gnu
Configured with: ../src/configure -v --with-pkgversion='Ubuntu/Linaro 4.7.3-1ubuntu1' --with-bugurl=file:///usr/share/doc/gcc-4.7/README.Bugs --enable-languages=c,c++,go,fortran,objc,obj-c++ --prefix=/usr --program-suffix=-4.7 --enable-shared --enable-linker-build-id --libexecdir=/usr/lib --without-included-gettext --enable-threads=posix --with-gxx-include-dir=/usr/include/c++/4.7 --libdir=/usr/lib --enable-nls --with-sysroot=/ --enable-clocale=gnu --enable-libstdcxx-debug --enable-libstdcxx-time=yes --enable-gnu-unique-object --enable-plugin --with-system-zlib --enable-objc-gc --enable-targets=all --with-cloog --enable-cloog-backend=ppl --disable-cloog-version-check --disable-ppl-version-check --enable-multiarch --disable-werror --with-arch-32=i686 --with-multilib-list=m32,m64,mx32 --with-tune=generic --enable-checking=release --build=i686-linux-gnu --host=i686-linux-gnu --target=i686-linux-gnu
Thread model: posix
gcc version 4.7.3 (Ubuntu/Linaro 4.7.3-1ubuntu1) 
configure:2758: $? = 0
configure:2747: gcc -V >&5
gcc: error: unrecognized command line option '-V'
gcc: fatal error: no input files
compilation terminated.
configure:2758: $? = 4
configure:2747: gcc -qversion >&5
gcc: error: unrecognized command line option '-qversion'
gcc: fatal error: no input files
compilation terminated.
configure:2758: $? = 4
configure:2778: checking whether the C compiler works
configure:2800: gcc    conftest.c  >&5
configure:2804: $? = 0
configure:2852: result: yes
configure:2855: checking for C compiler default output file name
configure:2857: result: a.out
configure:2863: checking for suffix of executables
configure:2870: gcc -o conftest    conftest.c  >&5
configure:2874: $? = 0
configure:2896: result: 
configure:2918: checking whether we are cross compiling
configure:2926: gcc -o conftest    conftest.c  >&5
configure:2930: $? = 0
configure:2937: ./conftest
configure:2941: $? = 0
configure:2956: result: no
configure:2961: checking for suffix of object files
configure:2983: gcc -c   conftest.c >&5
configure:2987: $? = 0
configure:3008: result: o
configure:3012: checking whether we are using the GNU C compiler
configure:3031: gcc -c   conftest.c >&5
configure:3031: $? = 0
configure:3040: result: yes
configure:3049: checking whether gcc accepts -g
configure:3069: gcc -c -g  conftest.c >&5
configure:3069: $? = 0
configure:3110: result: yes
configure:3127: checking for gcc option to accept ISO C89
configure:3190: gcc  -c -g -O2  conftest.c >&5
configure:3190: $? = 0
configure:3203: result: none needed
configure:3223: checking for a sed that does not truncate output
configure:3287: result: /bin/sed
configure:3305: checking for grep that handles long lines and -e
configure:3363: result: /bin/grep
configure:3368: checking for egrep
configure:3430: result: /bin/grep -E
configure:3435: checking for fgrep
configure:3497: result: /bin/grep -F
configure:3532: checking for ld used by gcc
configure:3599: result: /usr/bin/ld
configure:3606: checking if the linker (/usr/bin/ld) is GNU ld
configure:3621: result: yes
configure:3633: checking for BSD- or MS-compatible name lister (nm)
configure:3682: result: /usr/bin/nm -B
configure:3812: checking the name lister (/usr/bin/nm -B) interface
configure:3819: gcc -c -g -O2  conftest.c >&5
configure:3822: /usr/bin/nm -B "conftest.o"
configure:3825: output
00000000 B some_variable
configure:3832: result: BSD nm
configure:3835: checking whether ln -s works
configure:3839: result: yes
configure:3847: checking the maximum length of command line arguments
configure:3978: result: 1572864
configure:3995: checking whether the shell understands some XSI constructs
configure:4005: result: yes
configure:4009: checking whether the shell understands "+="
configure:4015: result: yes
configure:4050: checking how to convert i686-pc-linux-gnu file names to i686-pc-linux-gnu format
configure:4090: result: func_convert_file_noop
configure:4097: checking how to convert i686-pc-linux-gnu file names to toolchain format
configure:4117: result: func_convert_file_noop
configure:4124: checking for /usr/bin/ld option to reload object files
configure:4131: result: -r
configure:4205: checking for objdump
configure:4221: found /usr/bin/objdump
configure:4232: result: objdump
configure:4264: checking how to recognize dependent libraries
configure:4462: result: pass_all
configure:4547: checking for dlltool
configure:4577: result: no
configure:4607: checking how to associate runtime and link libraries
configure:4634: result: printf %s\n
configure:4695: checking for ar
configure:4711: found /usr/bin/ar
configure:4722: result: ar
configure:4759: checking for archiver @FILE support
configure:4776: gcc -c -g -O2  conftest.c >&5
configure:4776: $? = 0
configure:4779: ar cru libconftest.a @conftest.lst >&5
configure:4782: $? = 0
configure:4787: ar cru libconftest.a @conftest.lst >&5
ar: conftest.o: No such file or directory
configure:4790: $? = 1
configure:4802: result: @
configure:4860: checking for strip
configure:4876: found /usr/bin/strip
configure:4887: result: strip
configure:4959: checking for ranlib
configure:4975: found /usr/bin/ranlib
configure:4986: result: ranlib
configure:5063: checking for gawk
configure:5079: found /usr/bin/gawk
configure:5090: result: gawk
configure:5130: checking command to parse /usr/bin/nm -B output from gcc object
configure:5250: gcc -c -g -O2  conftest.c >&5
configure:5253: $? = 0
configure:5257: /usr/bin/nm -B conftest.o \| sed -n -e 's/^.*[ ]\([ABCDGIRSTW][ABCDGIRSTW]*\)[ ][ ]*\([_A-Za-z][_A-Za-z0-9]*\)$/\1 \2 \2/p' | sed '/ __gnu_lto/d' \> conftest.nm
configure:5260: $? = 0
configure:5326: gcc -o conftest -g -O2   conftest.c conftstm.o >&5
configure:5329: $? = 0
configure:5367: result: ok
configure:5404: checking for sysroot
configure:5434: result: no
configure:5697: checking for mt
configure:5713: found /bin/mt
configure:5724: result: mt
configure:5747: checking if mt is a manifest tool
configure:5753: mt '-?'
configure:5761: result: no
configure:6403: checking how to run the C preprocessor
configure:6434: gcc -E  conftest.c
configure:6434: $? = 0
configure:6448: gcc -E  conftest.c
conftest.c:9:28: fatal error: ac_nonexistent.h: No such file or directory
compilation terminated.
configure:6448: $? = 1
configure: failed program was:
| /* confdefs.h */
| #define PACKAGE_NAME "SQL-DATABASE"
| #define PACKAGE_TARNAME "sql-database"
| #define PACKAGE_VERSION "0.1"
| #define PACKAGE_STRING "SQL-DATABASE 0.1"
| #define PACKAGE_BUGREPORT ""
| #define PACKAGE_URL ""
| /* end confdefs.h.  */
| #include <ac_nonexistent.h>
configure:6473: result: gcc -E
configure:6493: gcc -E  conftest.c
configure:6493: $? = 0
configure:6507: gcc -E  conftest.c
conftest.c:9:28: fatal error: ac_nonexistent.h: No such file or directory
compilation terminated.
configure:6507: $? = 1
configure: failed program was:
| /* confdefs.h */
| #define PACKAGE_NAME "SQL-DATABASE"
| #define PACKAGE_TARNAME "sql-database"
| #define PACKAGE_VERSION "0.1"
| #define PACKAGE_STRING "SQL-DATABASE 0.1"
| #define PACKAGE_BUGREPORT ""
| #define PACKAGE_URL ""
| /* end confdefs.h.  */
| #include <ac_nonexistent.h>
configure:6536: checking for ANSI C header files
configure:6556: gcc -c -g -O2  conftest.c >&5
configure:6556: $? = 0
configure:6629: gcc -o conftest -g -O2   conftest.c  >&5
configure:6629: $? = 0
configure:6629: ./conftest
configure:6629: $? = 0
configure:6640: result: yes
configure:6653: checking for sys/types.h
configure:6653: gcc -c -g -O2  conftest.c >&5
configure:6653: $? = 0
configure:6653: result: yes
configure:6653: checking for sys/stat.h
configure:6653: gcc -c -g -O2  conftest.c >&5
configure:6653: $? = 0
configure:6653: result: yes
configure:6653: checking for stdlib.h
configure:6653: gcc -c -g -O2  conftest.c >&5
configure:6653: $? = 0
configure:6653: result: yes
configure:6653: checking for string.h
configure:6653: gcc -c -g -O2  conftest.c >&5
configure:6653: $? = 0
configure:6653: result: yes
configure:6653: checking for memory.h
configure:6653: gcc -c -g -O2  conftest.c >&5
configure:6653: $? = 0
configure:6653: result: yes
configure:6653: checking for strings.h
configure:6653: gcc -c -g -O2  conftest.c >&5
configure:6653: $? = 0
configure:6653: result: yes
configure:6653: checking for inttypes.h
configure:6653: gcc -c -g -O2  conftest.c >&5
configure:6653: $? = 0
configure:6653: result: yes
configure:6653: checking for stdint.h
configure:6653: gcc -c -g -O2  conftest.c >&5
configure:6653: $? = 0
configure:6653: result: yes
configure:6653: checking for unistd.h
configure:6653: gcc -c -g -O2  conftest.c >&5
configure:6653: $? = 0
configure:6653: result: yes
configure:6667: checking for dlfcn.h
configure:6667: gcc -c -g -O2  conftest.c >&5
configure:6667: $? = 0
configure:6667: result: yes
configure:6873: checking for objdir
configure:6888: result: .libs
configure:7159: checking if gcc supports -fno-rtti -fno-exceptions
configure:7177: gcc -c -g -O2  -fno-rtti -fno-exceptions conftest.c >&5
cc1: warning: command line option '-fno-rtti' is valid for C++/ObjC++ but not for C [enabled by default]
configure:7181: $? = 0
configure:7194: result: no
configure:7521: checking for gcc option to produce PIC
configure:7528: result: -fPIC -DPIC
configure:7536: checking if gcc PIC flag -fPIC -DPIC works
configure:7554: gcc -c -g -O2  -fPIC -DPIC -DPIC conftest.c >&5
configure:7558: $? = 0
configure:7571: result: yes
configure:7600: checking if gcc static flag -static works
configure:7628: result: yes
configure:7643: checking if gcc supports -c -o file.o
configure:7664: gcc -c -g -O2  -o out/conftest2.o conftest.c >&5
configure:7668: $? = 0
configure:7690: result: yes
configure:7698: checking if gcc supports -c -o file.o
configure:7745: result: yes
configure:7778: checking whether the gcc linker (/usr/bin/ld) supports shared libraries
configure:8935: result: yes
configure:8972: checking whether -lc should be explicitly linked in
configure:8980: gcc -c -g -O2  conftest.c >&5
configure:8983: $? = 0
configure:8998: gcc -shared  -fPIC -DPIC conftest.o  -v -Wl,-soname -Wl,conftest -o conftest 2\>\&1 \| /bin/grep  -lc  \>/dev/null 2\>\&1
configure:9001: $? = 0
configure:9015: result: no
configure:9175: checking dynamic linker characteristics
configure:9675: gcc -o conftest -g -O2   -Wl,-rpath -Wl,/foo conftest.c  >&5
configure:9675: $? = 0
configure:9909: result: GNU/Linux ld.so
configure:10016: checking how to hardcode library paths into programs
configure:10041: result: immediate
configure:10581: checking whether stripping libraries is possible
configure:10586: result: yes
configure:10621: checking if libtool supports shared libraries
configure:10623: result: yes
configure:10626: checking whether to build shared libraries
configure:10647: result: yes
configure:10650: checking whether to build static libraries
configure:10654: result: yes
configure:10713: checking for a BSD-compatible install
configure:10781: result: /usr/bin/install -c
configure:10792: checking whether build environment is sane
configure:10842: result: yes
configure:10983: checking for a thread-safe mkdir -p
configure:11022: result: /bin/mkdir -p
configure:11031: checking whether make sets $(MAKE)
configure:11053: result: yes
configure:11083: checking for style of include used by make
configure:11111: result: GNU
configure:11197: checking dependency style of gcc
configure:11308: result: gcc3
configure:11374: checking for gcc
configure:11401: result: gcc
configure:11630: checking for C compiler version
configure:11639: gcc --version >&5
gcc (Ubuntu/Linaro 4.7.3-1ubuntu1) 4.7.3
Copyright (C) 2012 Free Software Foundation, Inc.
This is free software; see the source for copying conditions.  There is NO
warranty; not even for MERCHANTABILITY or FITNESS FOR A PARTICULAR PURPOSE.

configure:11650: $? = 0
configure:11639: gcc -v >&5
Using built-in specs.
COLLECT_GCC=gcc
COLLECT_LTO_WRAPPER=/usr/lib/gcc/i686-linux-gnu/4.7/lto-wrapper
Target: i686-linux-gnu
Configured with: ../src/configure -v --with-pkgversion='Ubuntu/Linaro 4.7.3-1ubuntu1' --with-bugurl=file:///usr/share/doc/gcc-4.7/README.Bugs --enable-languages=c,c++,go,fortran,objc,obj-c++ --prefix=/usr --program-suffix=-4.7 --enable-shared --enable-linker-build-id --libexecdir=/usr/lib --without-included-gettext --enable-threads=posix --with-gxx-include-dir=/usr/include/c++/4.7 --libdir=/usr/lib --enable-nls --with-sysroot=/ --enable-clocale=gnu --enable-libstdcxx-debug --enable-libstdcxx-time=yes --enable-gnu-unique-object --enable-plugin --with-system-zlib --enable-objc-gc --enable-targets=all --with-cloog --enable-cloog-backend=ppl --disable-cloog-version-check --disable-ppl-version-check --enable-multiarch --disable-werror --with-arch-32=i686 --with-multilib-list=m32,m64,mx32 --with-tune=generic --enable-checking=release --build=i686-linux-gnu --host=i686-linux-gnu --target=i686-linux-gnu
Thread model: posix
gcc version 4.7.3 (Ubuntu/Linaro 4.7.3-1ubuntu1) 
configure:11650: $? = 0
configure:11639: gcc -V >&5
gcc: error: unrecognized command line option '-V'
gcc: fatal error: no input files
compilation terminated.
configure:11650: $? = 4
configure:11639: gcc -qversion >&5
gcc: error: unrecognized command line option '-qversion'
gcc: fatal error: no input files
compilation terminated.
configure:11650: $? = 4
configure:11654: checking whether we are using the GNU C compiler
configure:11682: result: yes
configure:11691: checking whether gcc accepts -g
configure:11752: result: yes
configure:11769: checking for gcc option to accept ISO C89
configure:11845: result: none needed
configure:11867: checking whether gcc and cc understand -c and -o together
configure:11898: gcc -c conftest.c -o conftest2.o >&5
configure:11902: $? = 0
configure:11908: gcc -c conftest.c -o conftest2.o >&5
configure:11912: $? = 0
configure:11923: cc -c conftest.c >&5
configure:11927: $? = 0
configure:11935: cc -c conftest.c -o conftest2.o >&5
configure:11939: $? = 0
configure:11945: cc -c conftest.c -o conftest2.o >&5
configure:11949: $? = 0
configure:11967: result: yes
configure:12010: checking for valgrind
configure:12026: found /usr/bin/valgrind
configure:12037: result: valgrind
configure:12091: checking for Valgrind tool memcheck
configure:12106: result: yes
configure:12147: checking for Valgrind tool helgrind
configure:12162: result: yes
configure:12203: checking for Valgrind tool drd
configure:12218: result: yes
configure:12455: checking for pkg-config
configure:12473: found /usr/bin/pkg-config
configure:12485: result: /usr/bin/pkg-config
configure:12510: checking pkg-config is at least version 0.9.0
configure:12513: result: yes
configure:12523: checking for check
configure:12530: $PKG_CONFIG --exists --print-errors "check"
configure:12533: $? = 0
configure:12547: $PKG_CONFIG --exists --print-errors "check"
configure:12550: $? = 0
configure:12608: result: yes
configure:12622: WARNING: AM_PATH_CHECK() is deprecated
configure:12624: WARNING: use PKG_CHECK_MODULES([CHECK], [check >= 0.9.4]) instead
configure:12635: checking for check - version >= 0.8.2
configure:12710: gcc -c -g -O2   conftest.c >&5
conftest.c: In function 'main':
conftest.c:63:10: warning: ignoring return value of 'system', declared with attribute warn_unused_result [-Wunused-result]
configure:12710: $? = 0
configure:12721: result: yes
configure:12785: checking for ANSI C header files
configure:12889: result: yes
configure:12899: checking for stdlib.h
configure:12899: result: yes
configure:12915: checking for stdlib.h
configure:12915: result: yes
configure:12925: checking for GNU libc compatible malloc
configure:12949: gcc -o conftest -g -O2   conftest.c  >&5
configure:12949: $? = 0
configure:12949: ./conftest
configure:12949: $? = 0
configure:12959: result: yes
configure:13122: creating ./config.status

## ---------------------- ##
## Running config.status. ##
## ---------------------- ##

This file was extended by SQL-DATABASE config.status 0.1, which was
generated by GNU Autoconf 2.69.  Invocation command line was

  CONFIG_FILES    = 
  CONFIG_HEADERS  = 
  CONFIG_LINKS    = 
  CONFIG_COMMANDS = 
  $ ./config.status 

on ubuntu

config.status:1184: creating Makefile
config.status:1184: creating config.h
config.status:1365: config.h is unchanged
config.status:1413: executing libtool commands
config.status:1413: executing depfiles commands

## ---------------- ##
## Cache variables. ##
## ---------------- ##

ac_cv_build=i686-pc-linux-gnu
ac_cv_c_compiler_gnu=yes
ac_cv_env_CC_set=
ac_cv_env_CC_value=
ac_cv_env_CFLAGS_set=
ac_cv_env_CFLAGS_value=
ac_cv_env_CPPFLAGS_set=
ac_cv_env_CPPFLAGS_value=
ac_cv_env_CPP_set=
ac_cv_env_CPP_value=
ac_cv_env_LDFLAGS_set=
ac_cv_env_LDFLAGS_value=
ac_cv_env_LIBS_set=
ac_cv_env_LIBS_value=
ac_cv_env_PKG_CONFIG_LIBDIR_set=
ac_cv_env_PKG_CONFIG_LIBDIR_value=
ac_cv_env_PKG_CONFIG_PATH_set=
ac_cv_env_PKG_CONFIG_PATH_value=
ac_cv_env_PKG_CONFIG_set=
ac_cv_env_PKG_CONFIG_value=
ac_cv_env_build_alias_set=
ac_cv_env_build_alias_value=
ac_cv_env_check_CFLAGS_set=
ac_cv_env_check_CFLAGS_value=
ac_cv_env_check_LIBS_set=
ac_cv_env_check_LIBS_value=
ac_cv_env_host_alias_set=
ac_cv_env_host_alias_value=
ac_cv_env_target_alias_set=
ac_cv_env_target_alias_value=
ac_cv_func_malloc_0_nonnull=yes
ac_cv_header_dlfcn_h=yes
ac_cv_header_inttypes_h=yes
ac_cv_header_memory_h=yes
ac_cv_header_stdc=yes
ac_cv_header_stdint_h=yes
ac_cv_header_stdlib_h=yes
ac_cv_header_string_h=yes
ac_cv_header_strings_h=yes
ac_cv_header_sys_stat_h=yes
ac_cv_header_sys_types_h=yes
ac_cv_header_unistd_h=yes
ac_cv_host=i686-pc-linux-gnu
ac_cv_objext=o
ac_cv_path_EGREP='/bin/grep -E'
ac_cv_path_FGREP='/bin/grep -F'
ac_cv_path_GREP=/bin/grep
ac_cv_path_SED=/bin/sed
ac_cv_path_ac_pt_PKG_CONFIG=/usr/bin/pkg-config
ac_cv_path_install='/usr/bin/install -c'
ac_cv_path_mkdir=/bin/mkdir
ac_cv_prog_AWK=gawk
ac_cv_prog_CPP='gcc -E'
ac_cv_prog_VALGRIND=valgrind
ac_cv_prog_ac_ct_AR=ar
ac_cv_prog_ac_ct_CC=gcc
ac_cv_prog_ac_ct_MANIFEST_TOOL=mt
ac_cv_prog_ac_ct_OBJDUMP=objdump
ac_cv_prog_ac_ct_RANLIB=ranlib
ac_cv_prog_ac_ct_STRIP=strip
ac_cv_prog_cc_c89=
ac_cv_prog_cc_g=yes
ac_cv_prog_cc_gcc_c_o=yes
ac_cv_prog_make_make_set=yes
am_cv_CC_dependencies_compiler_type=gcc3
ax_cv_valgrind_tool_drd=yes
ax_cv_valgrind_tool_helgrind=yes
ax_cv_valgrind_tool_memcheck=yes
lt_cv_ar_at_file=@
lt_cv_archive_cmds_need_lc=no
lt_cv_deplibs_check_method=pass_all
lt_cv_file_magic_cmd='$MAGIC_CMD'
lt_cv_file_magic_test_file=
lt_cv_ld_reload_flag=-r
lt_cv_nm_interface='BSD nm'
lt_cv_objdir=.libs
lt_cv_path_LD=/usr/bin/ld
lt_cv_path_NM='/usr/bin/nm -B'
lt_cv_path_mainfest_tool=no
lt_cv_prog_compiler_c_o=yes
lt_cv_prog_compiler_pic='-fPIC -DPIC'
lt_cv_prog_compiler_pic_works=yes
lt_cv_prog_compiler_rtti_exceptions=no
lt_cv_prog_compiler_static_works=yes
lt_cv_prog_gnu_ld=yes
lt_cv_sharedlib_from_linklib_cmd='printf %s\n'
lt_cv_shlibpath_overrides_runpath=no
lt_cv_sys_global_symbol_pipe='sed -n -e '\''s/^.*[	 ]\([ABCDGIRSTW][ABCDGIRSTW]*\)[	 ][	 ]*\([_A-Za-z][_A-Za-z0-9]*\)$/\1 \2 \2/p'\'' | sed '\''/ __gnu_lto/d'\'''
lt_cv_sys_global_symbol_to_c_name_address='sed -n -e '\''s/^: \([^ ]*\)[ ]*$/  {\"\1\", (void *) 0},/p'\'' -e '\''s/^[ABCDGIRSTW]* \([^ ]*\) \([^ ]*\)$/  {"\2", (void *) \&\2},/p'\'''
lt_cv_sys_global_symbol_to_c_name_address_lib_prefix='sed -n -e '\''s/^: \([^ ]*\)[ ]*$/  {\"\1\", (void *) 0},/p'\'' -e '\''s/^[ABCDGIRSTW]* \([^ ]*\) \(lib[^ ]*\)$/  {"\2", (void *) \&\2},/p'\'' -e '\''s/^[ABCDGIRSTW]* \([^ ]*\) \([^ ]*\)$/  {"lib\2", (void *) \&\2},/p'\'''
lt_cv_sys_global_symbol_to_cdecl='sed -n -e '\''s/^T .* \(.*\)$/extern int \1();/p'\'' -e '\''s/^[ABCDGIRSTW]* .* \(.*\)$/extern char \1;/p'\'''
lt_cv_sys_max_cmd_len=1572864
lt_cv_to_host_file_cmd=func_convert_file_noop
lt_cv_to_tool_file_cmd=func_convert_file_noop
pkg_cv_check_CFLAGS=' '
pkg_cv_check_LIBS='-lcheck_pic  '

## ----------------- ##
## Output variables. ##
## ----------------- ##














		$(MAKE) $(AM_MAKEFLAGS) -k check-valgrind-$(tool); \
		LOG_COMPILER="$$(VALGRIND_LOG_COMPILER)" \
		LOG_FLAGS="$$(valgrind_$(1)_flags)" \
		TESTS_ENVIRONMENT="$$(VALGRIND_TESTS_ENVIRONMENT)" \
		TEST_SUITE_LOG=test-suite-$(1).log
	$$(valgrind_v_use)$$(MAKE) check-TESTS \
	$(TESTS_ENVIRONMENT) \
	$(VALGRIND) $(VALGRIND_SUPPRESSIONS) --error-exitcode=1 $(VALGRIND_FLAGS)
	$(valgrind_lt) \
	)
	-$(AM_V_at)$(foreach tool,$(valgrind_enabled_tools), \
	@echo "Need to reconfigure with --enable-valgrind"
	@echo "Need to reconfigure with --enable-valgrind"
	@echo "Need to reconfigure with --enable-valgrind-$(1)"
	G_DEBUG=fatal-warnings,fatal-criticals,gc-friendly
	G_SLICE=always-malloc,debug-blocks \
	env VALGRIND=$(VALGRIND) \
#
#    (Default: --num-callers=30)
#    files to load. (Default: empty)
#    memcheck, helgrind, drd, sgcheck). (Default: various)
#  - VALGRIND_$toolname_FLAGS: Flags to pass to Valgrind $toolname (one of:
#  - VALGRIND_FLAGS: General flags to pass to all Valgrind tools.
#  - VALGRIND_SUPPRESSIONS_FILES: Space-separated list of Valgrind suppressions
# Internal use
# Optional variables
# Optional:
# Support running with and without libtool.
# Use recursive makes in order to ignore errors during check
# Valgrind check
# Valgrind running
$(foreach tool,$(valgrind_tools),$(eval $(call valgrind_tool_rule,$(tool))))
'
.PHONY: check-valgrind $(add-prefix check-valgrind-,$(valgrind_tools))
ACLOCAL='${SHELL} /home/notroot/projects/sql-database/build-aux/missing --run aclocal-1.11'
AMDEPBACKSLASH='\'
AMDEP_FALSE='#'
AMDEP_TRUE=''
AMTAR='$${TAR-tar}'
AM_DISTCHECK_CONFIGURE_FLAGS += --disable-valgrind
AM_DISTCHECK_CONFIGURE_FLAGS ?=
AR='ar'
AUTOCONF='${SHELL} /home/notroot/projects/sql-database/build-aux/missing --run autoconf'
AUTOHEADER='${SHELL} /home/notroot/projects/sql-database/build-aux/missing --run autoheader'
AUTOMAKE='${SHELL} /home/notroot/projects/sql-database/build-aux/missing --run automake-1.11'
AWK='gawk'
CC='gcc'
CCDEPMODE='depmode=gcc3'
CFLAGS='-g -O2'
CHECK_CFLAGS=''
CHECK_LIBS='-lcheck'
CPP='gcc -E'
CPPFLAGS=''
CYGPATH_W='echo'
DEFS='-DHAVE_CONFIG_H'
DEPDIR='.deps'
DLLTOOL='false'
DSYMUTIL=''
DUMPBIN=''
ECHO_C=''
ECHO_N='-n'
ECHO_T=''
EGREP='/bin/grep -E'
ENABLE_VALGRIND_drd='yes'
ENABLE_VALGRIND_helgrind='yes'
ENABLE_VALGRIND_memcheck='yes'
ENABLE_VALGRIND_sgcheck=''
EXEEXT=''
FGREP='/bin/grep -F'
GREP='/bin/grep'
INSTALL_DATA='${INSTALL} -m 644'
INSTALL_PROGRAM='${INSTALL}'
INSTALL_SCRIPT='${INSTALL}'
INSTALL_STRIP_PROGRAM='$(install_sh) -c -s'
LD='/usr/bin/ld'
LDFLAGS=''
LIBOBJS=''
LIBS=''
LIBTOOL='$(SHELL) $(top_builddir)/libtool'
LIPO=''
LN_S='ln -s'
LTLIBOBJS=''
MAKEINFO='${SHELL} /home/notroot/projects/sql-database/build-aux/missing --run makeinfo'
MANIFEST_TOOL=':'
MKDIR_P='/bin/mkdir -p'
MOSTLYCLEANFILES += $(valgrind_log_files)
MOSTLYCLEANFILES ?=
NM='/usr/bin/nm -B'
NMEDIT=''
OBJDUMP='objdump'
OBJEXT='o'
OTOOL64=''
OTOOL=''
PACKAGE=''
PACKAGE_BUGREPORT=''
PACKAGE_NAME='SQL-DATABASE'
PACKAGE_STRING='SQL-DATABASE 0.1'
PACKAGE_TARNAME='sql-database'
PACKAGE_URL=''
PACKAGE_VERSION='0.1'
PATH_SEPARATOR=':'
PKG_CONFIG='/usr/bin/pkg-config'
PKG_CONFIG_LIBDIR=''
PKG_CONFIG_PATH=''
RANLIB='ranlib'
SED='/bin/sed'
SET_MAKE=''
SHELL='/bin/bash'
STRIP='strip'
VALGRIND='valgrind'
VALGRIND_CHECK_RULES='
VALGRIND_ENABLED='yes'
VALGRIND_ENABLED_FALSE='#'
VALGRIND_ENABLED_TRUE=''
VALGRIND_FLAGS ?= --num-callers=30
VALGRIND_LOG_COMPILER = \
VALGRIND_SUPPRESSIONS ?= $(addprefix --suppressions=,$(VALGRIND_SUPPRESSIONS_FILES))
VALGRIND_TESTS_ENVIRONMENT = \
VALGRIND_drd_FLAGS ?=
VALGRIND_helgrind_FLAGS ?= --history-level=approx
VALGRIND_memcheck_FLAGS ?= --leak-check=full --show-reachable=no
VALGRIND_sgcheck_FLAGS ?=
VERSION='subdir-objects'
ac_ct_AR='ar'
ac_ct_CC='gcc'
ac_ct_DUMPBIN=''
am__EXEEXT_FALSE=''
am__EXEEXT_TRUE='#'
am__fastdepCC_FALSE='#'
am__fastdepCC_TRUE=''
am__include='include'
am__isrc=''
am__leading_dot='.'
am__nodep='_no'
am__quote=''
am__tar='$${TAR-tar} chof - "$$tardir"'
am__untar='$${TAR-tar} xf -'
bindir='${exec_prefix}/bin'
build='i686-pc-linux-gnu'
build_alias=''
build_cpu='i686'
build_os='linux-gnu'
build_vendor='pc'
check-valgrind-$(1):
check-valgrind:
check_CFLAGS=' '
check_LIBS='-lcheck_pic  '
datadir='${datarootdir}'
datarootdir='${prefix}/share'
define valgrind_tool_rule =
docdir='${datarootdir}/doc/${PACKAGE_TARNAME}'
dvidir='${docdir}'
else
else
else
else ifeq ($$(VALGRIND_ENABLED),yes)
endef
endif
endif
endif
exec_prefix='${prefix}'
host='i686-pc-linux-gnu'
host_alias=''
host_cpu='i686'
host_os='linux-gnu'
host_vendor='pc'
htmldir='${docdir}'
ifeq ($$(VALGRIND_ENABLED)-$$(ENABLE_VALGRIND_$(1)),yes-yes)
ifeq ($(VALGRIND_ENABLED),yes)
ifneq ($(LIBTOOL),)
includedir='${prefix}/include'
infodir='${datarootdir}/info'
install_sh='${SHELL} /home/notroot/projects/sql-database/build-aux/install-sh'
libdir='${exec_prefix}/lib'
libexecdir='${exec_prefix}/libexec'
localedir='${datarootdir}/locale'
localstatedir='${prefix}/var'
mandir='${datarootdir}/man'
mkdir_p='/bin/mkdir -p'
oldincludedir='/usr/include'
pdfdir='${docdir}'
prefix='/usr/local'
program_transform_name='s,x,x,'
psdir='${docdir}'
sbindir='${exec_prefix}/sbin'
sharedstatedir='${prefix}/com'
sysconfdir='${prefix}/etc'
target_alias=''
valgrind_drd_flags = --tool=drd $(VALGRIND_drd_FLAGS)
valgrind_enabled_tools=' memcheck helgrind drd'
valgrind_helgrind_flags = --tool=helgrind $(VALGRIND_helgrind_FLAGS)
valgrind_log_files = $(addprefix test-suite-,$(addsuffix .log,$(valgrind_tools)))
valgrind_lt =
valgrind_lt = $(LIBTOOL) $(AM_LIBTOOLFLAGS) $(LIBTOOLFLAGS) --mode=execute
valgrind_memcheck_flags = --tool=memcheck $(VALGRIND_memcheck_FLAGS)
valgrind_quiet = $(valgrind_quiet_$(V))
valgrind_quiet_ = $(valgrind_quiet_$(AM_DEFAULT_VERBOSITY))
valgrind_quiet_0 = --quiet
valgrind_sgcheck_flags = --tool=exp-sgcheck $(VALGRIND_sgcheck_FLAGS)
valgrind_tools='memcheck helgrind drd sgcheck'
valgrind_v_use   = $(valgrind_v_use_$(V))
valgrind_v_use_  = $(valgrind_v_use_$(AM_DEFAULT_VERBOSITY))
valgrind_v_use_0 = @echo "  USE   " $(patsubst check-valgrind-%,%,$@):;

## ----------- ##
## confdefs.h. ##
## ----------- ##

/* confdefs.h */
#define PACKAGE_NAME "SQL-DATABASE"
#define PACKAGE_TARNAME "sql-database"
#define PACKAGE_VERSION "0.1"
#define PACKAGE_STRING "SQL-DATABASE 0.1"
#define PACKAGE_BUGREPORT ""
#define PACKAGE_URL ""
#define STDC_HEADERS 1
#define HAVE_SYS_TYPES_H 1
#define HAVE_SYS_STAT_H 1
#define HAVE_STDLIB_H 1
#define HAVE_STRING_H 1
#define HAVE_MEMORY_H 1
#define HAVE_STRINGS_H 1
#define HAVE_INTTYPES_H 1
#define HAVE_STDINT_H 1
#define HAVE_UNISTD_H 1
#define HAVE_DLFCN_H 1
#define LT_OBJDIR ".libs/"
#define PACKAGE ""
#define VERSION "subdir-objects"
#define STDC_HEADERS 1
#define HAVE_STDLIB_H 1
#define HAVE_STDLIB_H 1
#define HAVE_MALLOC 1

configure: exit 0

## ---------------------- ##
## Running config.status. ##
## ---------------------- ##

This file was extended by SQL-DATABASE config.status 0.1, which was
generated by GNU Autoconf 2.69.  Invocation command line was

  CONFIG_FILES    = 
  CONFIG_HEADERS  = 
  CONFIG_LINKS    = 
  CONFIG_COMMANDS = 
  $ ./config.status Makefile depfiles

on ubuntu

config.status:1184: creating Makefile
config.status:1413: executing depfiles commands

## ---------------------- ##
## Running config.status. ##
## ---------------------- ##

This file was extended by SQL-DATABASE config.status 0.1, which was
generated by GNU Autoconf 2.69.  Invocation command line was

  CONFIG_FILES    = 
  CONFIG_HEADERS  = 
  CONFIG_LINKS    = 
  CONFIG_COMMANDS = 
  $ ./config.status config.h

on ubuntu

config.status:1184: creating config.h
config.status:1365: config.h is unchanged

## ---------------------- ##
## Running config.status. ##
## ---------------------- ##

This file was extended by SQL-DATABASE config.status 0.1, which was
generated by GNU Autoconf 2.69.  Invocation command line was

  CONFIG_FILES    = 
  CONFIG_HEADERS  = 
  CONFIG_LINKS    = 
  CONFIG_COMMANDS = 
  $ ./config.status Makefile depfiles

on ubuntu

config.status:1184: creating Makefile
config.status:1413: executing depfiles commands

## ---------------------- ##
## Running config.status. ##
## ---------------------- ##

This file was extended by SQL-DATABASE config.status 0.1, which was
generated by GNU Autoconf 2.69.  Invocation command line was

  CONFIG_FILES    = 
  CONFIG_HEADERS  = 
  CONFIG_LINKS    = 
  CONFIG_COMMANDS = 
  $ ./config.status Makefile depfiles

on ubuntu

config.status:1184: creating Makefile
config.status:1413: executing depfiles commands

## ---------------------- ##
## Running config.status. ##
## ---------------------- ##

This file was extended by SQL-DATABASE config.status 0.1, which was
generated by GNU Autoconf 2.69.  Invocation command line was

  CONFIG_FILES    = 
  CONFIG_HEADERS  = 
  CONFIG_LINKS    = 
  CONFIG_COMMANDS = 
  $ ./config.status Makefile depfiles

on ubuntu

config.status:1184: creating Makefile
config.status:1413: executing depfiles commands

## ---------------------- ##
## Running config.status. ##
## ---------------------- ##

This file was extended by SQL-DATABASE config.status 0.1, which was
generated by GNU Autoconf 2.69.  Invocation command line was

  CONFIG_FILES    = 
  CONFIG_HEADERS  = 
  CONFIG_LINKS    = 
  CONFIG_COMMANDS = 
  $ ./config.status Makefile depfiles

on ubuntu

config.status:1184: creating Makefile
config.status:1413: executing depfiles commands

## ---------------------- ##
## Running config.status. ##
## ---------------------- ##

This file was extended by SQL-DATABASE config.status 0.1, which was
generated by GNU Autoconf 2.69.  Invocation command line was

  CONFIG_FILES    = 
  CONFIG_HEADERS  = 
  CONFIG_LINKS    = 
  CONFIG_COMMANDS = 
  $ ./config.status Makefile depfiles

on ubuntu

config.status:1184: creating Makefile
config.status:1413: executing depfiles commands

## ---------------------- ##
## Running config.status. ##
## ---------------------- ##

This file was extended by SQL-DATABASE config.status 0.1, which was
generated by GNU Autoconf 2.69.  Invocation command line was

  CONFIG_FILES    = 
  CONFIG_HEADERS  = 
  CONFIG_LINKS    = 
  CONFIG_COMMANDS = 
  $ ./config.status Makefile depfiles

on ubuntu

config.status:1184: creating Makefile
config.status:1413: executing depfiles commands

## ---------------------- ##
## Running config.status. ##
## ---------------------- ##

This file was extended by SQL-DATABASE config.status 0.1, which was
generated by GNU Autoconf 2.69.  Invocation command line was

  CONFIG_FILES    = 
  CONFIG_HEADERS  = 
  CONFIG_LINKS    = 
  CONFIG_COMMANDS = 
  $ ./config.status Makefile depfiles

on ubuntu

config.status:1184: creating Makefile
config.status:1413: executing depfiles commands

## ---------------------- ##
## Running config.status. ##
## ---------------------- ##

This file was extended by SQL-DATABASE config.status 0.1, which was
generated by GNU Autoconf 2.69.  Invocation command line was

  CONFIG_FILES    = 
  CONFIG_HEADERS  = 
  CONFIG_LINKS    = 
  CONFIG_COMMANDS = 
  $ ./config.status Makefile depfiles

on ubuntu

config.status:1184: creating Makefile
config.status:1413: executing depfiles commands

## ---------------------- ##
## Running config.status. ##
## ---------------------- ##

This file was extended by SQL-DATABASE config.status 0.1, which was
generated by GNU Autoconf 2.69.  Invocation command line was

  CONFIG_FILES    = 
  CONFIG_HEADERS  = 
  CONFIG_LINKS    = 
  CONFIG_COMMANDS = 
  $ ./config.status Makefile depfiles

on ubuntu

config.status:1184: creating Makefile
config.status:1413: executing depfiles commands

## ---------------------- ##
## Running config.status. ##
## ---------------------- ##

This file was extended by SQL-DATABASE config.status 0.1, which was
generated by GNU Autoconf 2.69.  Invocation command line was

  CONFIG_FILES    = 
  CONFIG_HEADERS  = 
  CONFIG_LINKS    = 
  CONFIG_COMMANDS = 
  $ ./config.status Makefile depfiles

on ubuntu

config.status:1184: creating Makefile
config.status:1413: executing depfiles commands

## ---------------------- ##
## Running config.status. ##
## ---------------------- ##

This file was extended by SQL-DATABASE config.status 0.1, which was
generated by GNU Autoconf 2.69.  Invocation command line was

  CONFIG_FILES    = 
  CONFIG_HEADERS  = 
  CONFIG_LINKS    = 
  CONFIG_COMMANDS = 
  $ ./config.status Makefile depfiles

on ubuntu

config.status:1184: creating Makefile
config.status:1413: executing depfiles commands

## ---------------------- ##
## Running config.status. ##
## ---------------------- ##

This file was extended by SQL-DATABASE config.status 0.1, which was
generated by GNU Autoconf 2.69.  Invocation command line was

  CONFIG_FILES    = 
  CONFIG_HEADERS  = 
  CONFIG_LINKS    = 
  CONFIG_COMMANDS = 
  $ ./config.status Makefile depfiles

on ubuntu

config.status:1184: creating Makefile
config.status:1413: executing depfiles commands

## ---------------------- ##
## Running config.status. ##
## ---------------------- ##

This file was extended by SQL-DATABASE config.status 0.1, which was
generated by GNU Autoconf 2.69.  Invocation command line was

  CONFIG_FILES    = 
  CONFIG_HEADERS  = 
  CONFIG_LINKS    = 
  CONFIG_COMMANDS = 
  $ ./config.status Makefile depfiles

on ubuntu

config.status:1184: creating Makefile
config.status:1413: executing depfiles commands
